\BOOKMARK [1][-]{section.1}{\376\377\173\054\116\000\172\340\000\040\174\373\176\337\227\000\154\102\122\006\147\220\116\016\140\073\117\123\147\266\147\204\213\276\213\241}{}% 1
\BOOKMARK [2][-]{subsection.1.1}{\376\377\0001\000.\0001\000\040\210\253\143\247\133\371\214\141\116\016\163\257\130\203\162\171\140\047\122\006\147\220}{section.1}% 2
\BOOKMARK [2][-]{subsection.1.2}{\376\377\0001\000.\0002\000\040\174\373\176\337\116\373\122\241\142\306\211\343}{section.1}% 3
\BOOKMARK [2][-]{subsection.1.3}{\376\377\0001\000.\0003\000\040\174\373\176\337\140\073\117\123\177\121\176\334\142\323\142\121\147\266\147\204}{section.1}% 4
\BOOKMARK [1][-]{section.2}{\376\377\173\054\116\214\172\340\000\040\170\154\116\366\174\373\176\337\213\346\176\306\220\011\127\213\116\016\221\115\177\156}{}% 5
\BOOKMARK [2][-]{subsection.2.1}{\376\377\0002\000.\0001\000\040\116\012\117\115\173\241\164\006\147\072\377\010\135\345\143\247\147\072\000\040\000I\000P\000C\377\011\220\011\127\213}{section.2}% 6
\BOOKMARK [2][-]{subsection.2.2}{\376\377\0002\000.\0002\000\040\143\247\122\066\126\150\116\016\123\330\220\001\126\150\220\011\127\213\000\040\000\050\000A\000/\000D\116\016\000D\000/\000A\143\245\123\343\221\115\177\156\000\051}{section.2}% 7
\BOOKMARK [2][-]{subsection.2.3}{\376\377\0002\000.\0003\000\040\163\260\127\072\176\247\213\276\131\007\377\032\176\310\172\357\146\172\200\375\154\064\143\247\147\072\116\016\142\147\210\114\126\150}{section.2}% 8
\BOOKMARK [1][-]{section.3}{\376\377\173\054\116\011\172\340\000\040\213\241\173\227\147\072\217\307\172\013\143\247\122\066\173\126\165\145\116\016\173\227\154\325\213\276\213\241}{}% 9
\BOOKMARK [2][-]{subsection.3.1}{\376\377\0003\000.\0001\000\040\117\233\154\064\140\122\123\213\143\247\122\066\000\040\000\050\123\125\126\336\215\357\145\160\133\127\000\040\000P\000I\000D\000\040\143\247\122\066\000\051}{section.3}% 10
\BOOKMARK [2][-]{subsection.3.2}{\376\377\0003\000.\0002\000\040\117\233\154\064\140\122\156\051\143\247\122\066\000\040\000\050\122\115\231\210\000-\123\315\231\210\116\062\176\247\143\247\122\066\000\051}{section.3}% 11
\BOOKMARK [2][-]{subsection.3.3}{\376\377\0003\000.\0003\000\040\176\310\172\357\213\241\215\071\220\073\217\221\116\016\213\241\221\317\173\227\154\325\213\276\213\241}{section.3}% 12
\BOOKMARK [1][-]{section.4}{\376\377\173\054\126\333\172\340\000\040\213\241\173\227\147\072\217\157\116\366\174\373\176\337\116\016\145\160\143\156\136\223\213\276\213\241}{}% 13
\BOOKMARK [2][-]{subsection.4.1}{\376\377\0004\000.\0001\000\040\116\012\117\115\147\072\166\321\143\247\176\304\140\001\217\157\116\366\000\040\000\050\000H\000M\000I\000\051}{section.4}% 14
\BOOKMARK [2][-]{subsection.4.2}{\376\377\0004\000.\0002\000\040\116\000\123\141\220\032\213\241\215\071\145\160\143\156\136\223\174\373\176\337\213\276\213\241\000\040\000\050\000S\000Q\000L\000\040\000S\000e\000r\000v\000e\000r\000\051}{section.4}% 15
\BOOKMARK [1][-]{section.5}{\376\377\173\054\116\224\172\340\000\040\163\260\127\072\142\227\136\162\142\160\116\016\174\373\176\337\123\357\227\140\140\047\213\276\213\241\000\040\000\050\221\315\160\271\135\345\172\013\200\003\221\317\000\051}{}% 16
\BOOKMARK [2][-]{subsection.5.1}{\376\377\0005\000.\0001\000\040\172\172\225\364\116\016\163\257\130\203\142\227\136\162\142\160\377\010\000I\000P\226\062\142\244\116\016\226\062\157\156\176\335\177\030\377\011}{section.5}% 17
\BOOKMARK [2][-]{subsection.5.2}{\376\377\0005\000.\0002\000\040\117\233\165\065\116\016\117\341\123\367\117\040\217\223\142\227\136\162\142\160}{section.5}% 18
\BOOKMARK [2][-]{subsection.5.3}{\376\377\0005\000.\0003\000\040\217\157\116\366\116\016\174\373\176\337\133\271\225\031\213\276\213\241\000\040\000\050\000F\000a\000i\000l\000-\000S\000a\000f\000e\000\051}{section.5}% 19
\BOOKMARK [1][-]{section.6}{\376\377\176\323\213\355}{}% 20
